# JRE version: OpenJDK Runtime Environment Temurin-17.0.6+10 (17.0.6+10) (build 17.0.6+10)
# Java VM: OpenJDK 64-Bit Server VM Temurin-17.0.6+10 (17.0.6+10, mixed mode, tiered, compressed oops, compressed class ptrs, parallel gc, windows-amd64)
GC Precious Log:
 CPUs: 4 total, 4 available
 Memory: 12225M
 Large Page Support: Disabled
 NUMA Support: Disabled
 Compressed Oops: Enabled (32-bit)
 Alignments: Space 512K, Generation 512K, Heap 2M
 Heap Min Capacity: 100M
 Heap Initial Capacity: 100M
 Heap Max Capacity: 1G
 Pre-touch: Disabled
 Parallel Workers: 4
Heap:
 PSYoungGen      total 4096K, used 2112K [0x00000000eab00000, 0x00000000eb400000, 0x0000000100000000)
  eden space 3584K, 53% used [0x00000000eab00000,0x00000000eacdc0e8,0x00000000eae80000)
  from space 512K, 40% used [0x00000000eb300000,0x00000000eb334010,0x00000000eb380000)
  to   space 512K, 0% used [0x00000000eb380000,0x00000000eb380000,0x00000000eb400000)
 ParOldGen       total 258560K, used 249322K [0x00000000c0000000, 0x00000000cfc80000, 0x00000000eab00000)
  object space 258560K, 96% used [0x00000000c0000000,0x00000000cf37aa40,0x00000000cfc80000)
 Metaspace       used 92704K, committed 93952K, reserved 1138688K
  class space    used 9291K, committed 9920K, reserved 1048576K
GC Heap History (20 events):
Event: 10479.504 GC heap before
{Heap before GC invocations=9780 (full 259):
 PSYoungGen      total 4608K, used 3808K [0x00000000eab00000, 0x00000000eb480000, 0x0000000100000000)
  eden space 3584K, 100% used [0x00000000eab00000,0x00000000eae80000,0x00000000eae80000)
  from space 1024K, 21% used [0x00000000eb300000,0x00000000eb338000,0x00000000eb400000)
  to   space 512K, 0% used [0x00000000eb400000,0x00000000eb400000,0x00000000eb480000)
 ParOldGen       total 258560K, used 245241K [0x00000000c0000000, 0x00000000cfc80000, 0x00000000eab00000)
  object space 258560K, 94% used [0x00000000c0000000,0x00000000cef7e560,0x00000000cfc80000)
 Metaspace       used 92701K, committed 93952K, reserved 1138688K
  class space    used 9291K, committed 9920K, reserved 1048576K
}
Event: 10479.506 GC heap after
{Heap after GC invocations=9780 (full 259):
 PSYoungGen      total 4096K, used 512K [0x00000000eab00000, 0x00000000eb480000, 0x0000000100000000)
  eden space 3584K, 0% used [0x00000000eab00000,0x00000000eab00000,0x00000000eae80000)
  from space 512K, 100% used [0x00000000eb400000,0x00000000eb480000,0x00000000eb480000)
  to   space 1536K, 0% used [0x00000000eb180000,0x00000000eb180000,0x00000000eb300000)
 ParOldGen       total 258560K, used 245705K [0x00000000c0000000, 0x00000000cfc80000, 0x00000000eab00000)
  object space 258560K, 95% used [0x00000000c0000000,0x00000000ceff2580,0x00000000cfc80000)
 Metaspace       used 92701K, committed 93952K, reserved 1138688K
  class space    used 9291K, committed 9920K, reserved 1048576K
}
Event: 10479.690 GC heap before
{Heap before GC invocations=9781 (full 259):
 PSYoungGen      total 4096K, used 4096K [0x00000000eab00000, 0x00000000eb480000, 0x0000000100000000)
  eden space 3584K, 100% used [0x00000000eab00000,0x00000000eae80000,0x00000000eae80000)
  from space 512K, 100% used [0x00000000eb400000,0x00000000eb480000,0x00000000eb480000)
  to   space 1536K, 0% used [0x00000000eb180000,0x00000000eb180000,0x00000000eb300000)
 ParOldGen       total 258560K, used 245705K [0x00000000c0000000, 0x00000000cfc80000, 0x00000000eab00000)
  object space 258560K, 95% used [0x00000000c0000000,0x00000000ceff2580,0x00000000cfc80000)
 Metaspace       used 92701K, committed 93952K, reserved 1138688K
  class space    used 9291K, committed 9920K, reserved 1048576K
}
Event: 10479.691 GC heap after
{Heap after GC invocations=9781 (full 259):
 PSYoungGen      total 5120K, used 224K [0x00000000eab00000, 0x00000000eb480000, 0x0000000100000000)
  eden space 3584K, 0% used [0x00000000eab00000,0x00000000eab00000,0x00000000eae80000)
  from space 1536K, 14% used [0x00000000eb180000,0x00000000eb1b8000,0x00000000eb300000)
  to   space 512K, 0% used [0x00000000eb400000,0x00000000eb400000,0x00000000eb480000)
 ParOldGen       total 258560K, used 246227K [0x00000000c0000000, 0x00000000cfc80000, 0x00000000eab00000)
  object space 258560K, 95% used [0x00000000c0000000,0x00000000cf074e80,0x00000000cfc80000)
 Metaspace       used 92701K, committed 93952K, reserved 1138688K
  class space    used 9291K, committed 9920K, reserved 1048576K
}
Event: 10479.703 GC heap before
{Heap before GC invocations=9782 (full 259):
 PSYoungGen      total 5120K, used 3808K [0x00000000eab00000, 0x00000000eb480000, 0x0000000100000000)
  eden space 3584K, 100% used [0x00000000eab00000,0x00000000eae80000,0x00000000eae80000)
  from space 1536K, 14% used [0x00000000eb180000,0x00000000eb1b8000,0x00000000eb300000)
  to   space 512K, 0% used [0x00000000eb400000,0x00000000eb400000,0x00000000eb480000)
 ParOldGen       total 258560K, used 246227K [0x00000000c0000000, 0x00000000cfc80000, 0x00000000eab00000)
  object space 258560K, 95% used [0x00000000c0000000,0x00000000cf074e80,0x00000000cfc80000)
 Metaspace       used 92701K, committed 93952K, reserved 1138688K
  class space    used 9291K, committed 9920K, reserved 1048576K
}
Event: 10479.704 GC heap after
{Heap after GC invocations=9782 (full 259):
 PSYoungGen      total 4096K, used 496K [0x00000000eab00000, 0x00000000eb480000, 0x0000000100000000)
  eden space 3584K, 0% used [0x00000000eab00000,0x00000000eab00000,0x00000000eae80000)
  from space 512K, 96% used [0x00000000eb400000,0x00000000eb47c010,0x00000000eb480000)
  to   space 1536K, 0% used [0x00000000eb180000,0x00000000eb180000,0x00000000eb300000)
 ParOldGen       total 258560K, used 246632K [0x00000000c0000000, 0x00000000cfc80000, 0x00000000eab00000)
  object space 258560K, 95% used [0x00000000c0000000,0x00000000cf0da320,0x00000000cfc80000)
 Metaspace       used 92701K, committed 93952K, reserved 1138688K
  class space    used 9291K, committed 9920K, reserved 1048576K
}
Event: 10479.719 GC heap before
{Heap before GC invocations=9783 (full 259):
 PSYoungGen      total 4096K, used 4080K [0x00000000eab00000, 0x00000000eb480000, 0x0000000100000000)
  eden space 3584K, 100% used [0x00000000eab00000,0x00000000eae80000,0x00000000eae80000)
  from space 512K, 96% used [0x00000000eb400000,0x00000000eb47c010,0x00000000eb480000)
  to   space 1536K, 0% used [0x00000000eb180000,0x00000000eb180000,0x00000000eb300000)
 ParOldGen       total 258560K, used 246632K [0x00000000c0000000, 0x00000000cfc80000, 0x00000000eab00000)
  object space 258560K, 95% used [0x00000000c0000000,0x00000000cf0da320,0x00000000cfc80000)
 Metaspace       used 92701K, committed 93952K, reserved 1138688K
  class space    used 9291K, committed 9920K, reserved 1048576K
}
Event: 10479.721 GC heap after
{Heap after GC invocations=9783 (full 259):
 PSYoungGen      total 5120K, used 688K [0x00000000eab00000, 0x00000000eb480000, 0x0000000100000000)
  eden space 3584K, 0% used [0x00000000eab00000,0x00000000eab00000,0x00000000eae80000)
  from space 1536K, 44% used [0x00000000eb180000,0x00000000eb22c010,0x00000000eb300000)
  to   space 1024K, 0% used [0x00000000eb380000,0x00000000eb380000,0x00000000eb480000)
 ParOldGen       total 258560K, used 247125K [0x00000000c0000000, 0x00000000cfc80000, 0x00000000eab00000)
  object space 258560K, 95% used [0x00000000c0000000,0x00000000cf1557c0,0x00000000cfc80000)
 Metaspace       used 92701K, committed 93952K, reserved 1138688K
  class space    used 9291K, committed 9920K, reserved 1048576K
}
Event: 10479.970 GC heap before
{Heap before GC invocations=9784 (full 259):
 PSYoungGen      total 5120K, used 4271K [0x00000000eab00000, 0x00000000eb480000, 0x0000000100000000)
  eden space 3584K, 99% used [0x00000000eab00000,0x00000000eae7ffc8,0x00000000eae80000)
  from space 1536K, 44% used [0x00000000eb180000,0x00000000eb22c010,0x00000000eb300000)
  to   space 1024K, 0% used [0x00000000eb380000,0x00000000eb380000,0x00000000eb480000)
 ParOldGen       total 258560K, used 247125K [0x00000000c0000000, 0x00000000cfc80000, 0x00000000eab00000)
  object space 258560K, 95% used [0x00000000c0000000,0x00000000cf1557c0,0x00000000cfc80000)
 Metaspace       used 92701K, committed 93952K, reserved 1138688K
  class space    used 9291K, committed 9920K, reserved 1048576K
}
Event: 10479.971 GC heap after
{Heap after GC invocations=9784 (full 259):
 PSYoungGen      total 4096K, used 96K [0x00000000eab00000, 0x00000000eb400000, 0x0000000100000000)
  eden space 3584K, 0% used [0x00000000eab00000,0x00000000eab00000,0x00000000eae80000)
  from space 512K, 18% used [0x00000000eb380000,0x00000000eb398000,0x00000000eb400000)
  to   space 512K, 0% used [0x00000000eb300000,0x00000000eb300000,0x00000000eb380000)
 ParOldGen       total 258560K, used 247771K [0x00000000c0000000, 0x00000000cfc80000, 0x00000000eab00000)
  object space 258560K, 95% used [0x00000000c0000000,0x00000000cf1f6c60,0x00000000cfc80000)
 Metaspace       used 92701K, committed 93952K, reserved 1138688K
  class space    used 9291K, committed 9920K, reserved 1048576K
}
Event: 10480.233 GC heap before
{Heap before GC invocations=9785 (full 259):
 PSYoungGen      total 4096K, used 3680K [0x00000000eab00000, 0x00000000eb400000, 0x0000000100000000)
  eden space 3584K, 100% used [0x00000000eab00000,0x00000000eae80000,0x00000000eae80000)
  from space 512K, 18% used [0x00000000eb380000,0x00000000eb398000,0x00000000eb400000)
  to   space 512K, 0% used [0x00000000eb300000,0x00000000eb300000,0x00000000eb380000)
 ParOldGen       total 258560K, used 247771K [0x00000000c0000000, 0x00000000cfc80000, 0x00000000eab00000)
  object space 258560K, 95% used [0x00000000c0000000,0x00000000cf1f6c60,0x00000000cfc80000)
 Metaspace       used 92701K, committed 93952K, reserved 1138688K
  class space    used 9291K, committed 9920K, reserved 1048576K
}
Event: 10480.234 GC heap after
{Heap after GC invocations=9785 (full 259):
 PSYoungGen      total 4096K, used 512K [0x00000000eab00000, 0x00000000eb400000, 0x0000000100000000)
  eden space 3584K, 0% used [0x00000000eab00000,0x00000000eab00000,0x00000000eae80000)
  from space 512K, 100% used [0x00000000eb300000,0x00000000eb380000,0x00000000eb380000)
  to   space 512K, 0% used [0x00000000eb380000,0x00000000eb380000,0x00000000eb400000)
 ParOldGen       total 258560K, used 247915K [0x00000000c0000000, 0x00000000cfc80000, 0x00000000eab00000)
  object space 258560K, 95% used [0x00000000c0000000,0x00000000cf21ac70,0x00000000cfc80000)
 Metaspace       used 92701K, committed 93952K, reserved 1138688K
  class space    used 9291K, committed 9920K, reserved 1048576K
}
Event: 10480.334 GC heap before
{Heap before GC invocations=9786 (full 259):
 PSYoungGen      total 4096K, used 4096K [0x00000000eab00000, 0x00000000eb400000, 0x0000000100000000)
  eden space 3584K, 100% used [0x00000000eab00000,0x00000000eae80000,0x00000000eae80000)
  from space 512K, 100% used [0x00000000eb300000,0x00000000eb380000,0x00000000eb380000)
  to   space 512K, 0% used [0x00000000eb380000,0x00000000eb380000,0x00000000eb400000)
 ParOldGen       total 258560K, used 247915K [0x00000000c0000000, 0x00000000cfc80000, 0x00000000eab00000)
  object space 258560K, 95% used [0x00000000c0000000,0x00000000cf21ac70,0x00000000cfc80000)
 Metaspace       used 92704K, committed 93952K, reserved 1138688K
  class space    used 9291K, committed 9920K, reserved 1048576K
}
Event: 10480.335 GC heap after
{Heap after GC invocations=9786 (full 259):
 PSYoungGen      total 4096K, used 288K [0x00000000eab00000, 0x00000000eb400000, 0x0000000100000000)
  eden space 3584K, 0% used [0x00000000eab00000,0x00000000eab00000,0x00000000eae80000)
  from space 512K, 56% used [0x00000000eb380000,0x00000000eb3c8000,0x00000000eb400000)
  to   space 512K, 0% used [0x00000000eb300000,0x00000000eb300000,0x00000000eb380000)
 ParOldGen       total 258560K, used 248424K [0x00000000c0000000, 0x00000000cfc80000, 0x00000000eab00000)
  object space 258560K, 96% used [0x00000000c0000000,0x00000000cf29a100,0x00000000cfc80000)
 Metaspace       used 92704K, committed 93952K, reserved 1138688K
  class space    used 9291K, committed 9920K, reserved 1048576K
}
Event: 10480.444 GC heap before
{Heap before GC invocations=9787 (full 259):
 PSYoungGen      total 4096K, used 3872K [0x00000000eab00000, 0x00000000eb400000, 0x0000000100000000)
  eden space 3584K, 100% used [0x00000000eab00000,0x00000000eae80000,0x00000000eae80000)
  from space 512K, 56% used [0x00000000eb380000,0x00000000eb3c8000,0x00000000eb400000)
  to   space 512K, 0% used [0x00000000eb300000,0x00000000eb300000,0x00000000eb380000)
 ParOldGen       total 258560K, used 248424K [0x00000000c0000000, 0x00000000cfc80000, 0x00000000eab00000)
  object space 258560K, 96% used [0x00000000c0000000,0x00000000cf29a100,0x00000000cfc80000)
 Metaspace       used 92704K, committed 93952K, reserved 1138688K
  class space    used 9291K, committed 9920K, reserved 1048576K
}
Event: 10480.445 GC heap after
{Heap after GC invocations=9787 (full 259):
 PSYoungGen      total 4096K, used 512K [0x00000000eab00000, 0x00000000eb400000, 0x0000000100000000)
  eden space 3584K, 0% used [0x00000000eab00000,0x00000000eab00000,0x00000000eae80000)
  from space 512K, 100% used [0x00000000eb300000,0x00000000eb380000,0x00000000eb380000)
  to   space 512K, 0% used [0x00000000eb380000,0x00000000eb380000,0x00000000eb400000)
 ParOldGen       total 258560K, used 248528K [0x00000000c0000000, 0x00000000cfc80000, 0x00000000eab00000)
  object space 258560K, 96% used [0x00000000c0000000,0x00000000cf2b4120,0x00000000cfc80000)
 Metaspace       used 92704K, committed 93952K, reserved 1138688K
  class space    used 9291K, committed 9920K, reserved 1048576K
}
Event: 10480.457 GC heap before
{Heap before GC invocations=9788 (full 259):
 PSYoungGen      total 4096K, used 4096K [0x00000000eab00000, 0x00000000eb400000, 0x0000000100000000)
  eden space 3584K, 100% used [0x00000000eab00000,0x00000000eae80000,0x00000000eae80000)
  from space 512K, 100% used [0x00000000eb300000,0x00000000eb380000,0x00000000eb380000)
  to   space 512K, 0% used [0x00000000eb380000,0x00000000eb380000,0x00000000eb400000)
 ParOldGen       total 258560K, used 248528K [0x00000000c0000000, 0x00000000cfc80000, 0x00000000eab00000)
  object space 258560K, 96% used [0x00000000c0000000,0x00000000cf2b4120,0x00000000cfc80000)
 Metaspace       used 92704K, committed 93952K, reserved 1138688K
  class space    used 9291K, committed 9920K, reserved 1048576K
}
Event: 10480.459 GC heap after
{Heap after GC invocations=9788 (full 259):
 PSYoungGen      total 4096K, used 384K [0x00000000eab00000, 0x00000000eb400000, 0x0000000100000000)
  eden space 3584K, 0% used [0x00000000eab00000,0x00000000eab00000,0x00000000eae80000)
  from space 512K, 75% used [0x00000000eb380000,0x00000000eb3e0000,0x00000000eb400000)
  to   space 512K, 0% used [0x00000000eb300000,0x00000000eb300000,0x00000000eb380000)
 ParOldGen       total 258560K, used 249021K [0x00000000c0000000, 0x00000000cfc80000, 0x00000000eab00000)
  object space 258560K, 96% used [0x00000000c0000000,0x00000000cf32f5a0,0x00000000cfc80000)
 Metaspace       used 92704K, committed 93952K, reserved 1138688K
  class space    used 9291K, committed 9920K, reserved 1048576K
}
Event: 10480.473 GC heap before
{Heap before GC invocations=9789 (full 259):
 PSYoungGen      total 4096K, used 3967K [0x00000000eab00000, 0x00000000eb400000, 0x0000000100000000)
  eden space 3584K, 99% used [0x00000000eab00000,0x00000000eae7fff8,0x00000000eae80000)
  from space 512K, 75% used [0x00000000eb380000,0x00000000eb3e0000,0x00000000eb400000)
  to   space 512K, 0% used [0x00000000eb300000,0x00000000eb300000,0x00000000eb380000)
 ParOldGen       total 258560K, used 249021K [0x00000000c0000000, 0x00000000cfc80000, 0x00000000eab00000)
  object space 258560K, 96% used [0x00000000c0000000,0x00000000cf32f5a0,0x00000000cfc80000)
 Metaspace       used 92704K, committed 93952K, reserved 1138688K
  class space    used 9291K, committed 9920K, reserved 1048576K
}
Event: 10480.474 GC heap after
{Heap after GC invocations=9789 (full 259):
 PSYoungGen      total 4096K, used 208K [0x00000000eab00000, 0x00000000eb400000, 0x0000000100000000)
  eden space 3584K, 0% used [0x00000000eab00000,0x00000000eab00000,0x00000000eae80000)
  from space 512K, 40% used [0x00000000eb300000,0x00000000eb334010,0x00000000eb380000)
  to   space 512K, 0% used [0x00000000eb380000,0x00000000eb380000,0x00000000eb400000)
 ParOldGen       total 258560K, used 249322K [0x00000000c0000000, 0x00000000cfc80000, 0x00000000eab00000)
  object space 258560K, 96% used [0x00000000c0000000,0x00000000cf37aa40,0x00000000cfc80000)
 Metaspace       used 92704K, committed 93952K, reserved 1138688K
  class space    used 9291K, committed 9920K, reserved 1048576K
}

